<?xml version="1.0" encoding="UTF-8"?>
<coverage generated="1764819149">
  <project timestamp="1764819149" name="Clover Coverage">
    <package name="Galaxon\Collections">
      <file name="C:\Users\shaun\Projects\PHP\Galaxon\Collections\src\Collection.php">
        <class name="Galaxon\Collections\Collection" namespace="Galaxon\Collections">
          <metrics complexity="8" methods="8" coveredmethods="8" conditionals="0" coveredconditionals="0" statements="9" coveredstatements="9" elements="17" coveredelements="17"/>
        </class>
        <line num="51" type="method" name="__construct" visibility="public" complexity="1" crap="1" count="476"/>
        <line num="54" type="stmt" count="476"/>
        <line num="75" type="method" name="clear" visibility="public" complexity="1" crap="1" count="6"/>
        <line num="78" type="stmt" count="6"/>
        <line num="81" type="stmt" count="6"/>
        <line num="93" type="method" name="empty" visibility="public" complexity="1" crap="1" count="40"/>
        <line num="95" type="stmt" count="40"/>
        <line num="119" type="method" name="all" visibility="public" complexity="1" crap="1" count="8"/>
        <line num="121" type="stmt" count="8"/>
        <line num="135" type="method" name="any" visibility="public" complexity="1" crap="1" count="8"/>
        <line num="137" type="stmt" count="8"/>
        <line num="190" type="method" name="count" visibility="public" complexity="1" crap="1" count="216"/>
        <line num="193" type="stmt" count="216"/>
        <line num="205" type="method" name="__toString" visibility="public" complexity="1" crap="1" count="4"/>
        <line num="208" type="stmt" count="4"/>
        <line num="216" type="method" name="toArray" visibility="public" complexity="1" crap="1" count="11"/>
        <line num="218" type="stmt" count="11"/>
        <metrics loc="223" ncloc="95" classes="1" methods="8" coveredmethods="8" conditionals="0" coveredconditionals="0" statements="9" coveredstatements="9" elements="17" coveredelements="17"/>
      </file>
      <file name="C:\Users\shaun\Projects\PHP\Galaxon\Collections\src\Dictionary.php">
        <class name="Galaxon\Collections\Dictionary" namespace="Galaxon\Collections">
          <metrics complexity="59" methods="23" coveredmethods="23" conditionals="0" coveredconditionals="0" statements="131" coveredstatements="131" elements="154" coveredelements="154"/>
        </class>
        <line num="104" type="method" name="__construct" visibility="public" complexity="6" crap="6" count="175"/>
        <line num="110" type="stmt" count="175"/>
        <line num="111" type="stmt" count="175"/>
        <line num="114" type="stmt" count="175"/>
        <line num="115" type="stmt" count="175"/>
        <line num="118" type="stmt" count="175"/>
        <line num="120" type="stmt" count="16"/>
        <line num="121" type="stmt" count="11"/>
        <line num="123" type="stmt" count="16"/>
        <line num="124" type="stmt" count="11"/>
        <line num="128" type="stmt" count="16"/>
        <line num="144" type="method" name="combine" visibility="public" complexity="7" crap="7" count="14"/>
        <line num="147" type="stmt" count="14"/>
        <line num="148" type="stmt" count="14"/>
        <line num="151" type="stmt" count="14"/>
        <line num="152" type="stmt" count="14"/>
        <line num="153" type="stmt" count="14"/>
        <line num="154" type="stmt" count="1"/>
        <line num="158" type="stmt" count="13"/>
        <line num="159" type="stmt" count="13"/>
        <line num="161" type="stmt" count="12"/>
        <line num="164" type="stmt" count="12"/>
        <line num="165" type="stmt" count="2"/>
        <line num="169" type="stmt" count="12"/>
        <line num="172" type="stmt" count="12"/>
        <line num="173" type="stmt" count="11"/>
        <line num="174" type="stmt" count="11"/>
        <line num="178" type="stmt" count="12"/>
        <line num="182" type="stmt" count="11"/>
        <line num="197" type="method" name="checkKey" visibility="private" complexity="2" crap="2" count="63"/>
        <line num="200" type="stmt" count="63"/>
        <line num="203" type="stmt" count="62"/>
        <line num="206" type="stmt" count="62"/>
        <line num="207" type="stmt" count="3"/>
        <line num="210" type="stmt" count="59"/>
        <line num="229" type="method" name="add" visibility="public" complexity="4" crap="4" count="115"/>
        <line num="232" type="stmt" count="115"/>
        <line num="233" type="stmt" count="115"/>
        <line num="234" type="stmt" count="9"/>
        <line num="235" type="stmt" count="8"/>
        <line num="236" type="stmt" count="8"/>
        <line num="238" type="stmt" count="1"/>
        <line num="240" type="stmt" count="113"/>
        <line num="241" type="stmt" count="112"/>
        <line num="243" type="stmt" count="1"/>
        <line num="247" type="stmt" count="113"/>
        <line num="248" type="stmt" count="111"/>
        <line num="251" type="stmt" count="110"/>
        <line num="254" type="stmt" count="110"/>
        <line num="264" type="method" name="import" visibility="public" complexity="2" crap="2" count="14"/>
        <line num="268" type="stmt" count="14"/>
        <line num="270" type="stmt" count="13"/>
        <line num="273" type="stmt" count="11"/>
        <line num="284" type="method" name="removeByKey" visibility="public" complexity="1" crap="1" count="4"/>
        <line num="287" type="stmt" count="4"/>
        <line num="291" type="stmt" count="2"/>
        <line num="294" type="stmt" count="2"/>
        <line num="297" type="stmt" count="2"/>
        <line num="300" type="stmt" count="2"/>
        <line num="310" type="method" name="removeByValue" visibility="public" complexity="3" crap="3" count="2"/>
        <line num="313" type="stmt" count="2"/>
        <line num="316" type="stmt" count="2"/>
        <line num="319" type="stmt" count="2"/>
        <line num="321" type="stmt" count="2"/>
        <line num="322" type="stmt" count="1"/>
        <line num="323" type="stmt" count="1"/>
        <line num="328" type="stmt" count="2"/>
        <line num="344" type="method" name="contains" visibility="public" complexity="3" crap="3" count="5"/>
        <line num="347" type="stmt" count="5"/>
        <line num="349" type="stmt" count="5"/>
        <line num="350" type="stmt" count="3"/>
        <line num="353" type="stmt" count="3"/>
        <line num="373" type="method" name="equals" visibility="public" complexity="6" crap="6" count="6"/>
        <line num="377" type="stmt" count="6"/>
        <line num="378" type="stmt" count="1"/>
        <line num="384" type="stmt" count="5"/>
        <line num="385" type="stmt" count="5"/>
        <line num="386" type="stmt" count="5"/>
        <line num="387" type="stmt" count="2"/>
        <line num="391" type="stmt" count="3"/>
        <line num="393" type="stmt" count="2"/>
        <line num="395" type="stmt" count="2"/>
        <line num="396" type="stmt" count="2"/>
        <line num="397" type="stmt" count="1"/>
        <line num="400" type="stmt" count="2"/>
        <line num="412" type="method" name="keyExists" visibility="public" complexity="1" crap="1" count="17"/>
        <line num="414" type="stmt" count="17"/>
        <line num="428" type="method" name="sort" visibility="public" complexity="1" crap="1" count="13"/>
        <line num="430" type="stmt" count="13"/>
        <line num="431" type="stmt" count="13"/>
        <line num="441" type="method" name="sortByKey" visibility="public" complexity="1" crap="1" count="7"/>
        <line num="443" type="stmt" count="7"/>
        <line num="444" type="stmt" count="7"/>
        <line num="454" type="method" name="sortByValue" visibility="public" complexity="1" crap="1" count="6"/>
        <line num="456" type="stmt" count="6"/>
        <line num="457" type="stmt" count="6"/>
        <line num="480" type="method" name="filter" visibility="public" complexity="4" crap="4" count="8"/>
        <line num="484" type="stmt" count="8"/>
        <line num="487" type="stmt" count="8"/>
        <line num="491" type="stmt" count="7"/>
        <line num="494" type="stmt" count="7"/>
        <line num="495" type="stmt" count="1"/>
        <line num="499" type="stmt" count="6"/>
        <line num="500" type="stmt" count="5"/>
        <line num="504" type="stmt" count="7"/>
        <line num="515" type="method" name="flip" visibility="public" complexity="3" crap="3" count="3"/>
        <line num="518" type="stmt" count="3"/>
        <line num="521" type="stmt" count="3"/>
        <line num="525" type="stmt" count="2"/>
        <line num="526" type="stmt" count="1"/>
        <line num="530" type="stmt" count="2"/>
        <line num="534" type="stmt" count="2"/>
        <line num="569" type="method" name="map" visibility="public" complexity="4" crap="4" count="9"/>
        <line num="572" type="stmt" count="9"/>
        <line num="575" type="stmt" count="9"/>
        <line num="577" type="stmt" count="8"/>
        <line num="580" type="stmt" count="8"/>
        <line num="581" type="stmt" count="1"/>
        <line num="585" type="stmt" count="7"/>
        <line num="586" type="stmt" count="1"/>
        <line num="587" type="stmt" count="1"/>
        <line num="591" type="stmt" count="7"/>
        <line num="592" type="stmt" count="7"/>
        <line num="595" type="stmt" count="7"/>
        <line num="598" type="stmt" count="7"/>
        <line num="610" type="method" name="merge" visibility="public" complexity="3" crap="3" count="4"/>
        <line num="613" type="stmt" count="4"/>
        <line num="614" type="stmt" count="4"/>
        <line num="615" type="stmt" count="4"/>
        <line num="618" type="stmt" count="4"/>
        <line num="620" type="stmt" count="4"/>
        <line num="624" type="stmt" count="4"/>
        <line num="626" type="stmt" count="3"/>
        <line num="629" type="stmt" count="4"/>
        <line num="642" type="method" name="offsetExists" visibility="public" complexity="1" crap="1" count="33"/>
        <line num="646" type="stmt" count="33"/>
        <line num="649" type="stmt" count="33"/>
        <line num="660" type="method" name="offsetGet" visibility="public" complexity="1" crap="1" count="59"/>
        <line num="664" type="stmt" count="59"/>
        <line num="668" type="stmt" count="58"/>
        <line num="671" type="stmt" count="58"/>
        <line num="693" type="method" name="offsetSet" visibility="public" complexity="1" crap="1" count="149"/>
        <line num="697" type="stmt" count="149"/>
        <line num="698" type="stmt" count="146"/>
        <line num="701" type="stmt" count="143"/>
        <line num="704" type="stmt" count="143"/>
        <line num="715" type="method" name="offsetUnset" visibility="public" complexity="1" crap="1" count="4"/>
        <line num="719" type="stmt" count="4"/>
        <line num="722" type="stmt" count="3"/>
        <line num="734" type="method" name="toSequence" visibility="public" complexity="1" crap="1" count="4"/>
        <line num="736" type="stmt" count="4"/>
        <line num="748" type="method" name="getIterator" visibility="public" complexity="2" crap="2" count="17"/>
        <line num="752" type="stmt" count="17"/>
        <line num="754" type="stmt" count="16"/>
        <metrics loc="760" ncloc="382" classes="1" methods="23" coveredmethods="23" conditionals="0" coveredconditionals="0" statements="131" coveredstatements="131" elements="154" coveredelements="154"/>
      </file>
      <file name="C:\Users\shaun\Projects\PHP\Galaxon\Collections\src\DuplicateKeyException.php">
        <class name="Galaxon\Collections\DuplicateKeyException" namespace="Galaxon\Collections">
          <metrics complexity="0" methods="0" coveredmethods="0" conditionals="0" coveredconditionals="0" statements="0" coveredstatements="0" elements="0" coveredelements="0"/>
        </class>
        <metrics loc="18" ncloc="12" classes="0" methods="0" coveredmethods="0" conditionals="0" coveredconditionals="0" statements="0" coveredstatements="0" elements="0" coveredelements="0"/>
      </file>
      <file name="C:\Users\shaun\Projects\PHP\Galaxon\Collections\src\Pair.php">
        <class name="Galaxon\Collections\Pair" namespace="Galaxon\Collections">
          <metrics complexity="1" methods="1" coveredmethods="1" conditionals="0" coveredconditionals="0" statements="1" coveredstatements="1" elements="2" coveredelements="2"/>
        </class>
        <line num="22" type="method" name="__construct" visibility="public" complexity="1" crap="1" count="15"/>
        <line num="24" type="stmt" count="15"/>
        <metrics loc="26" ncloc="13" classes="1" methods="1" coveredmethods="1" conditionals="0" coveredconditionals="0" statements="1" coveredstatements="1" elements="2" coveredelements="2"/>
      </file>
      <file name="C:\Users\shaun\Projects\PHP\Galaxon\Collections\src\Sequence.php">
        <class name="Galaxon\Collections\Sequence" namespace="Galaxon\Collections">
          <metrics complexity="104" methods="49" coveredmethods="49" conditionals="0" coveredconditionals="0" statements="199" coveredstatements="199" elements="248" coveredelements="248"/>
        </class>
        <line num="114" type="method" name="__construct" visibility="public" complexity="7" crap="7" count="179"/>
        <line num="120" type="stmt" count="179"/>
        <line num="123" type="stmt" count="179"/>
        <line num="126" type="stmt" count="179"/>
        <line num="128" type="stmt" count="38"/>
        <line num="129" type="stmt" count="20"/>
        <line num="133" type="stmt" count="38"/>
        <line num="140" type="stmt" count="178"/>
        <line num="142" type="stmt" count="170"/>
        <line num="144" type="stmt" count="4"/>
        <line num="146" type="stmt" count="22"/>
        <line num="148" type="stmt" count="1"/>
        <line num="149" type="stmt" count="1"/>
        <line num="150" type="stmt" count="1"/>
        <line num="151" type="stmt" count="1"/>
        <line num="152" type="stmt" count="1"/>
        <line num="156" type="stmt" count="177"/>
        <line num="181" type="method" name="range" visibility="public" complexity="13" crap="13" count="6"/>
        <line num="184" type="stmt" count="6"/>
        <line num="185" type="stmt" count="1"/>
        <line num="187" type="stmt" count="5"/>
        <line num="188" type="stmt" count="1"/>
        <line num="190" type="stmt" count="4"/>
        <line num="191" type="stmt" count="1"/>
        <line num="195" type="stmt" count="3"/>
        <line num="198" type="stmt" count="3"/>
        <line num="201" type="stmt" count="3"/>
        <line num="202" type="stmt" count="1"/>
        <line num="206" type="stmt" count="3"/>
        <line num="208" type="stmt" count="2"/>
        <line num="209" type="stmt" count="2"/>
        <line num="213" type="stmt" count="1"/>
        <line num="214" type="stmt" count="1"/>
        <line num="219" type="stmt" count="3"/>
        <line num="234" type="method" name="checkIndex" visibility="private" complexity="5" crap="5" count="59"/>
        <line num="237" type="stmt" count="59"/>
        <line num="238" type="stmt" count="1"/>
        <line num="242" type="stmt" count="58"/>
        <line num="243" type="stmt" count="2"/>
        <line num="247" type="stmt" count="56"/>
        <line num="248" type="stmt" count="2"/>
        <line num="260" type="method" name="getDefaultValue" visibility="private" complexity="2" crap="2" count="5"/>
        <line num="262" type="stmt" count="5"/>
        <line num="272" type="method" name="fromSubset" visibility="private" complexity="1" crap="1" count="14"/>
        <line num="275" type="stmt" count="14"/>
        <line num="296" type="method" name="append" visibility="public" complexity="2" crap="2" count="147"/>
        <line num="298" type="stmt" count="147"/>
        <line num="300" type="stmt" count="147"/>
        <line num="303" type="stmt" count="144"/>
        <line num="307" type="stmt" count="144"/>
        <line num="327" type="method" name="prepend" visibility="public" complexity="2" crap="2" count="2"/>
        <line num="330" type="stmt" count="2"/>
        <line num="331" type="stmt" count="2"/>
        <line num="334" type="stmt" count="2"/>
        <line num="337" type="stmt" count="2"/>
        <line num="341" type="stmt" count="2"/>
        <line num="354" type="method" name="insert" visibility="public" complexity="3" crap="3" count="4"/>
        <line num="357" type="stmt" count="4"/>
        <line num="360" type="stmt" count="4"/>
        <line num="364" type="stmt" count="3"/>
        <line num="365" type="stmt" count="3"/>
        <line num="366" type="stmt" count="1"/>
        <line num="367" type="stmt" count="1"/>
        <line num="371" type="stmt" count="2"/>
        <line num="372" type="stmt" count="2"/>
        <line num="376" type="stmt" count="2"/>
        <line num="379" type="stmt" count="2"/>
        <line num="389" type="method" name="import" visibility="public" complexity="1" crap="1" count="13"/>
        <line num="393" type="stmt" count="13"/>
        <line num="396" type="stmt" count="11"/>
        <line num="415" type="method" name="removeByIndex" visibility="public" complexity="1" crap="1" count="2"/>
        <line num="418" type="stmt" count="2"/>
        <line num="421" type="stmt" count="1"/>
        <line num="424" type="stmt" count="1"/>
        <line num="435" type="method" name="removeByValue" visibility="public" complexity="1" crap="1" count="2"/>
        <line num="438" type="stmt" count="2"/>
        <line num="441" type="stmt" count="2"/>
        <line num="442" type="stmt" count="2"/>
        <line num="443" type="stmt" count="2"/>
        <line num="444" type="stmt" count="2"/>
        <line num="447" type="stmt" count="2"/>
        <line num="458" type="method" name="removeFirst" visibility="public" complexity="2" crap="2" count="2"/>
        <line num="461" type="stmt" count="2"/>
        <line num="462" type="stmt" count="1"/>
        <line num="466" type="stmt" count="1"/>
        <line num="477" type="method" name="removeLast" visibility="public" complexity="2" crap="2" count="2"/>
        <line num="480" type="stmt" count="2"/>
        <line num="481" type="stmt" count="1"/>
        <line num="485" type="stmt" count="1"/>
        <line num="501" type="method" name="contains" visibility="public" complexity="1" crap="1" count="8"/>
        <line num="504" type="stmt" count="8"/>
        <line num="523" type="method" name="equals" visibility="public" complexity="3" crap="3" count="12"/>
        <line num="527" type="stmt" count="12"/>
        <line num="528" type="stmt" count="2"/>
        <line num="532" type="stmt" count="10"/>
        <line num="533" type="stmt" count="10"/>
        <line num="546" type="method" name="indexExists" visibility="public" complexity="1" crap="1" count="1"/>
        <line num="548" type="stmt" count="1"/>
        <line num="561" type="method" name="first" visibility="public" complexity="2" crap="2" count="2"/>
        <line num="564" type="stmt" count="2"/>
        <line num="565" type="stmt" count="1"/>
        <line num="569" type="stmt" count="1"/>
        <line num="578" type="method" name="last" visibility="public" complexity="2" crap="2" count="2"/>
        <line num="581" type="stmt" count="2"/>
        <line num="582" type="stmt" count="1"/>
        <line num="586" type="stmt" count="1"/>
        <line num="605" type="method" name="slice" visibility="public" complexity="1" crap="1" count="3"/>
        <line num="608" type="stmt" count="3"/>
        <line num="611" type="stmt" count="3"/>
        <line num="623" type="method" name="search" visibility="public" complexity="2" crap="2" count="3"/>
        <line num="626" type="stmt" count="3"/>
        <line num="627" type="stmt" count="3"/>
        <line num="640" type="method" name="find" visibility="public" complexity="1" crap="1" count="2"/>
        <line num="642" type="stmt" count="2"/>
        <line num="658" type="method" name="sort" visibility="public" complexity="1" crap="1" count="2"/>
        <line num="661" type="stmt" count="2"/>
        <line num="662" type="stmt" count="2"/>
        <line num="665" type="stmt" count="2"/>
        <line num="677" type="method" name="sortReverse" visibility="public" complexity="1" crap="1" count="1"/>
        <line num="680" type="stmt" count="1"/>
        <line num="681" type="stmt" count="1"/>
        <line num="684" type="stmt" count="1"/>
        <line num="696" type="method" name="sortBy" visibility="public" complexity="1" crap="1" count="1"/>
        <line num="699" type="stmt" count="1"/>
        <line num="700" type="stmt" count="1"/>
        <line num="703" type="stmt" count="1"/>
        <line num="721" type="method" name="chunk" visibility="public" complexity="3" crap="3" count="3"/>
        <line num="724" type="stmt" count="3"/>
        <line num="725" type="stmt" count="1"/>
        <line num="729" type="stmt" count="2"/>
        <line num="732" type="stmt" count="2"/>
        <line num="733" type="stmt" count="2"/>
        <line num="734" type="stmt" count="2"/>
        <line num="737" type="stmt" count="2"/>
        <line num="748" type="method" name="countValues" visibility="public" complexity="2" crap="2" count="2"/>
        <line num="751" type="stmt" count="2"/>
        <line num="754" type="stmt" count="2"/>
        <line num="756" type="stmt" count="2"/>
        <line num="757" type="stmt" count="2"/>
        <line num="760" type="stmt" count="2"/>
        <line num="774" type="method" name="fill" visibility="public" complexity="2" crap="2" count="2"/>
        <line num="777" type="stmt" count="2"/>
        <line num="778" type="stmt" count="2"/>
        <line num="781" type="stmt" count="2"/>
        <line num="793" type="method" name="filter" visibility="public" complexity="1" crap="1" count="2"/>
        <line num="797" type="stmt" count="2"/>
        <line num="800" type="stmt" count="2"/>
        <line num="809" type="method" name="map" visibility="public" complexity="1" crap="1" count="2"/>
        <line num="812" type="stmt" count="2"/>
        <line num="815" type="stmt" count="2"/>
        <line num="824" type="method" name="merge" visibility="public" complexity="1" crap="1" count="1"/>
        <line num="827" type="stmt" count="1"/>
        <line num="830" type="stmt" count="1"/>
        <line num="838" type="method" name="reverse" visibility="public" complexity="1" crap="1" count="1"/>
        <line num="841" type="stmt" count="1"/>
        <line num="844" type="stmt" count="1"/>
        <line num="855" type="method" name="unique" visibility="public" complexity="1" crap="1" count="1"/>
        <line num="858" type="stmt" count="1"/>
        <line num="861" type="stmt" count="1"/>
        <line num="875" type="method" name="reduce" visibility="public" complexity="2" crap="2" count="27"/>
        <line num="878" type="stmt" count="27"/>
        <line num="879" type="stmt" count="27"/>
        <line num="880" type="stmt" count="25"/>
        <line num="882" type="stmt" count="25"/>
        <line num="891" type="method" name="product" visibility="public" complexity="1" crap="1" count="7"/>
        <line num="896" type="stmt" count="7"/>
        <line num="898" type="stmt" count="7"/>
        <line num="907" type="method" name="sum" visibility="public" complexity="1" crap="1" count="12"/>
        <line num="912" type="stmt" count="12"/>
        <line num="914" type="stmt" count="12"/>
        <line num="924" type="method" name="min" visibility="public" complexity="2" crap="2" count="4"/>
        <line num="927" type="stmt" count="4"/>
        <line num="928" type="stmt" count="1"/>
        <line num="934" type="stmt" count="3"/>
        <line num="936" type="stmt" count="3"/>
        <line num="946" type="method" name="max" visibility="public" complexity="2" crap="2" count="4"/>
        <line num="949" type="stmt" count="4"/>
        <line num="950" type="stmt" count="1"/>
        <line num="956" type="stmt" count="3"/>
        <line num="958" type="stmt" count="3"/>
        <line num="967" type="method" name="average" visibility="public" complexity="2" crap="2" count="5"/>
        <line num="970" type="stmt" count="5"/>
        <line num="971" type="stmt" count="1"/>
        <line num="975" type="stmt" count="4"/>
        <line num="988" type="method" name="join" visibility="public" complexity="4" crap="4" count="4"/>
        <line num="991" type="stmt" count="4"/>
        <line num="992" type="stmt" count="4"/>
        <line num="993" type="stmt" count="1"/>
        <line num="994" type="stmt" count="1"/>
        <line num="995" type="stmt" count="1"/>
        <line num="996" type="stmt" count="1"/>
        <line num="1000" type="stmt" count="3"/>
        <line num="1017" type="method" name="chooseRandIndexes" visibility="private" complexity="5" crap="5" count="7"/>
        <line num="1020" type="stmt" count="7"/>
        <line num="1021" type="stmt" count="1"/>
        <line num="1023" type="stmt" count="6"/>
        <line num="1024" type="stmt" count="1"/>
        <line num="1026" type="stmt" count="5"/>
        <line num="1027" type="stmt" count="1"/>
        <line num="1031" type="stmt" count="4"/>
        <line num="1035" type="stmt" count="4"/>
        <line num="1036" type="stmt" count="2"/>
        <line num="1040" type="stmt" count="4"/>
        <line num="1060" type="method" name="chooseRand" visibility="public" complexity="2" crap="2" count="5"/>
        <line num="1063" type="stmt" count="5"/>
        <line num="1066" type="stmt" count="2"/>
        <line num="1067" type="stmt" count="2"/>
        <line num="1068" type="stmt" count="2"/>
        <line num="1070" type="stmt" count="2"/>
        <line num="1083" type="method" name="removeRand" visibility="public" complexity="2" crap="2" count="2"/>
        <line num="1086" type="stmt" count="2"/>
        <line num="1089" type="stmt" count="2"/>
        <line num="1092" type="stmt" count="2"/>
        <line num="1093" type="stmt" count="2"/>
        <line num="1095" type="stmt" count="2"/>
        <line num="1098" type="stmt" count="2"/>
        <line num="1102" type="stmt" count="2"/>
        <line num="1105" type="stmt" count="2"/>
        <line num="1119" type="method" name="offsetExists" visibility="public" complexity="2" crap="2" count="3"/>
        <line num="1123" type="stmt" count="3"/>
        <line num="1124" type="stmt" count="1"/>
        <line num="1127" type="stmt" count="2"/>
        <line num="1138" type="method" name="offsetGet" visibility="public" complexity="1" crap="1" count="55"/>
        <line num="1142" type="stmt" count="55"/>
        <line num="1146" type="stmt" count="54"/>
        <line num="1162" type="method" name="offsetSet" visibility="public" complexity="3" crap="3" count="10"/>
        <line num="1166" type="stmt" count="10"/>
        <line num="1168" type="stmt" count="9"/>
        <line num="1172" type="stmt" count="1"/>
        <line num="1177" type="stmt" count="8"/>
        <line num="1180" type="stmt" count="6"/>
        <line num="1181" type="stmt" count="6"/>
        <line num="1182" type="stmt" count="3"/>
        <line num="1187" type="stmt" count="6"/>
        <line num="1206" type="method" name="offsetUnset" visibility="public" complexity="1" crap="1" count="2"/>
        <line num="1210" type="stmt" count="2"/>
        <line num="1214" type="stmt" count="2"/>
        <line num="1226" type="method" name="toDictionary" visibility="public" complexity="2" crap="2" count="2"/>
        <line num="1229" type="stmt" count="2"/>
        <line num="1232" type="stmt" count="2"/>
        <line num="1233" type="stmt" count="2"/>
        <line num="1237" type="stmt" count="2"/>
        <line num="1245" type="method" name="toSet" visibility="public" complexity="1" crap="1" count="2"/>
        <line num="1248" type="stmt" count="2"/>
        <line num="1251" type="stmt" count="2"/>
        <line num="1254" type="stmt" count="2"/>
        <line num="1266" type="method" name="getIterator" visibility="public" complexity="1" crap="1" count="3"/>
        <line num="1269" type="stmt" count="3"/>
        <metrics loc="1274" ncloc="575" classes="1" methods="49" coveredmethods="49" conditionals="0" coveredconditionals="0" statements="199" coveredstatements="199" elements="248" coveredelements="248"/>
      </file>
      <file name="C:\Users\shaun\Projects\PHP\Galaxon\Collections\src\Set.php">
        <class name="Galaxon\Collections\Set" namespace="Galaxon\Collections">
          <metrics complexity="36" methods="18" coveredmethods="18" conditionals="0" coveredconditionals="0" statements="58" coveredstatements="58" elements="76" coveredelements="76"/>
        </class>
        <line num="38" type="method" name="__construct" visibility="public" complexity="4" crap="4" count="122"/>
        <line num="41" type="stmt" count="122"/>
        <line num="44" type="stmt" count="122"/>
        <line num="46" type="stmt" count="122"/>
        <line num="48" type="stmt" count="13"/>
        <line num="49" type="stmt" count="9"/>
        <line num="53" type="stmt" count="13"/>
        <line num="70" type="method" name="add" visibility="public" complexity="3" crap="3" count="103"/>
        <line num="73" type="stmt" count="103"/>
        <line num="75" type="stmt" count="103"/>
        <line num="78" type="stmt" count="101"/>
        <line num="79" type="stmt" count="101"/>
        <line num="80" type="stmt" count="101"/>
        <line num="85" type="stmt" count="100"/>
        <line num="97" type="method" name="import" visibility="public" complexity="1" crap="1" count="6"/>
        <line num="101" type="stmt" count="6"/>
        <line num="104" type="stmt" count="5"/>
        <line num="115" type="method" name="remove" visibility="public" complexity="2" crap="2" count="6"/>
        <line num="118" type="stmt" count="6"/>
        <line num="119" type="stmt" count="6"/>
        <line num="121" type="stmt" count="4"/>
        <line num="122" type="stmt" count="4"/>
        <line num="125" type="stmt" count="2"/>
        <line num="140" type="method" name="union" visibility="public" complexity="1" crap="1" count="6"/>
        <line num="146" type="stmt" count="6"/>
        <line num="147" type="stmt" count="6"/>
        <line num="150" type="stmt" count="6"/>
        <line num="152" type="stmt" count="6"/>
        <line num="162" type="method" name="intersect" visibility="public" complexity="3" crap="3" count="6"/>
        <line num="165" type="stmt" count="6"/>
        <line num="168" type="stmt" count="6"/>
        <line num="169" type="stmt" count="6"/>
        <line num="170" type="stmt" count="4"/>
        <line num="175" type="stmt" count="6"/>
        <line num="185" type="method" name="diff" visibility="public" complexity="3" crap="3" count="7"/>
        <line num="188" type="stmt" count="7"/>
        <line num="191" type="stmt" count="7"/>
        <line num="192" type="stmt" count="7"/>
        <line num="193" type="stmt" count="6"/>
        <line num="198" type="stmt" count="7"/>
        <line num="214" type="method" name="contains" visibility="public" complexity="1" crap="1" count="48"/>
        <line num="217" type="stmt" count="48"/>
        <line num="237" type="method" name="equals" visibility="public" complexity="3" crap="3" count="7"/>
        <line num="241" type="stmt" count="7"/>
        <line num="242" type="stmt" count="2"/>
        <line num="246" type="stmt" count="5"/>
        <line num="255" type="method" name="isSubsetOf" visibility="public" complexity="1" crap="1" count="15"/>
        <line num="257" type="stmt" count="15"/>
        <line num="266" type="method" name="isProperSubsetOf" visibility="public" complexity="2" crap="2" count="6"/>
        <line num="268" type="stmt" count="6"/>
        <line num="277" type="method" name="isSupersetOf" visibility="public" complexity="1" crap="1" count="3"/>
        <line num="279" type="stmt" count="3"/>
        <line num="288" type="method" name="isProperSupersetOf" visibility="public" complexity="1" crap="1" count="3"/>
        <line num="290" type="stmt" count="3"/>
        <line num="299" type="method" name="isDisjointFrom" visibility="public" complexity="1" crap="1" count="4"/>
        <line num="301" type="stmt" count="4"/>
        <line num="324" type="method" name="filter" visibility="public" complexity="4" crap="4" count="9"/>
        <line num="328" type="stmt" count="9"/>
        <line num="331" type="stmt" count="9"/>
        <line num="333" type="stmt" count="8"/>
        <line num="336" type="stmt" count="8"/>
        <line num="337" type="stmt" count="1"/>
        <line num="341" type="stmt" count="7"/>
        <line num="342" type="stmt" count="6"/>
        <line num="346" type="stmt" count="8"/>
        <line num="360" type="method" name="__toString" visibility="public" complexity="1" crap="1" count="4"/>
        <line num="362" type="stmt" count="4"/>
        <line num="363" type="stmt" count="4"/>
        <line num="375" type="method" name="toSequence" visibility="public" complexity="2" crap="2" count="5"/>
        <line num="378" type="stmt" count="5"/>
        <line num="381" type="stmt" count="5"/>
        <line num="382" type="stmt" count="4"/>
        <line num="386" type="stmt" count="5"/>
        <line num="398" type="method" name="getIterator" visibility="public" complexity="2" crap="2" count="5"/>
        <line num="404" type="stmt" count="5"/>
        <line num="405" type="stmt" count="5"/>
        <metrics loc="411" ncloc="202" classes="1" methods="18" coveredmethods="18" conditionals="0" coveredconditionals="0" statements="58" coveredstatements="58" elements="76" coveredelements="76"/>
      </file>
      <file name="C:\Users\shaun\Projects\PHP\Galaxon\Collections\src\TypeSet.php">
        <class name="Galaxon\Collections\TypeSet" namespace="Galaxon\Collections">
          <metrics complexity="68" methods="23" coveredmethods="23" conditionals="0" coveredconditionals="0" statements="83" coveredstatements="83" elements="106" coveredelements="106"/>
        </class>
        <line num="94" type="method" name="__construct" visibility="public" complexity="2" crap="2" count="66"/>
        <line num="97" type="stmt" count="66"/>
        <line num="98" type="stmt" count="50"/>
        <line num="114" type="method" name="match" visibility="public" complexity="23" crap="23" count="18"/>
        <line num="117" type="stmt" count="18"/>
        <line num="118" type="stmt" count="2"/>
        <line num="127" type="stmt" count="16"/>
        <line num="128" type="stmt" count="5"/>
        <line num="132" type="stmt" count="15"/>
        <line num="133" type="stmt" count="1"/>
        <line num="137" type="stmt" count="15"/>
        <line num="138" type="stmt" count="1"/>
        <line num="142" type="stmt" count="15"/>
        <line num="143" type="stmt" count="1"/>
        <line num="147" type="stmt" count="15"/>
        <line num="148" type="stmt" count="1"/>
        <line num="152" type="stmt" count="15"/>
        <line num="153" type="stmt" count="1"/>
        <line num="157" type="stmt" count="15"/>
        <line num="158" type="stmt" count="1"/>
        <line num="162" type="stmt" count="15"/>
        <line num="164" type="stmt" count="5"/>
        <line num="165" type="stmt" count="1"/>
        <line num="169" type="stmt" count="4"/>
        <line num="173" type="stmt" count="4"/>
        <line num="174" type="stmt" count="2"/>
        <line num="178" type="stmt" count="3"/>
        <line num="179" type="stmt" count="1"/>
        <line num="184" type="stmt" count="14"/>
        <line num="194" type="method" name="check" visibility="public" complexity="3" crap="3" count="3"/>
        <line num="196" type="stmt" count="3"/>
        <line num="197" type="stmt" count="2"/>
        <line num="198" type="stmt" count="2"/>
        <line num="208" type="method" name="tryInferDefaultValue" visibility="public" complexity="7" crap="7" count="14"/>
        <line num="210" type="stmt" count="14"/>
        <line num="211" type="stmt" count="2"/>
        <line num="212" type="stmt" count="12"/>
        <line num="213" type="stmt" count="2"/>
        <line num="214" type="stmt" count="10"/>
        <line num="215" type="stmt" count="4"/>
        <line num="216" type="stmt" count="6"/>
        <line num="217" type="stmt" count="1"/>
        <line num="218" type="stmt" count="5"/>
        <line num="219" type="stmt" count="1"/>
        <line num="220" type="stmt" count="4"/>
        <line num="221" type="stmt" count="2"/>
        <line num="223" type="stmt" count="2"/>
        <line num="226" type="stmt" count="12"/>
        <line num="242" type="method" name="normalizeTypeName" visibility="private" complexity="1" crap="1" count="61"/>
        <line num="244" type="stmt" count="61"/>
        <line num="253" type="method" name="isBasicType" visibility="private" complexity="1" crap="1" count="60"/>
        <line num="255" type="stmt" count="60"/>
        <line num="256" type="stmt" count="60"/>
        <line num="265" type="method" name="isPseudoType" visibility="private" complexity="1" crap="1" count="23"/>
        <line num="267" type="stmt" count="23"/>
        <line num="268" type="stmt" count="23"/>
        <line num="283" type="method" name="isResourceType" visibility="private" complexity="1" crap="1" count="10"/>
        <line num="285" type="stmt" count="10"/>
        <line num="299" type="method" name="isClassType" visibility="private" complexity="1" crap="1" count="9"/>
        <line num="301" type="stmt" count="9"/>
        <line num="302" type="stmt" count="9"/>
        <line num="314" type="method" name="isValid" visibility="private" complexity="5" crap="5" count="60"/>
        <line num="316" type="stmt" count="60"/>
        <line num="317" type="stmt" count="60"/>
        <line num="318" type="stmt" count="60"/>
        <line num="335" type="method" name="addType" visibility="private" complexity="3" crap="3" count="60"/>
        <line num="338" type="stmt" count="60"/>
        <line num="341" type="stmt" count="60"/>
        <line num="342" type="stmt" count="2"/>
        <line num="346" type="stmt" count="58"/>
        <line num="347" type="stmt" count="58"/>
        <line num="351" type="stmt" count="58"/>
        <line num="362" type="method" name="add" visibility="public" complexity="6" crap="6" count="58"/>
        <line num="365" type="stmt" count="58"/>
        <line num="366" type="stmt" count="55"/>
        <line num="370" type="stmt" count="58"/>
        <line num="372" type="stmt" count="58"/>
        <line num="373" type="stmt" count="1"/>
        <line num="379" type="stmt" count="57"/>
        <line num="382" type="stmt" count="57"/>
        <line num="384" type="stmt" count="5"/>
        <line num="385" type="stmt" count="5"/>
        <line num="388" type="stmt" count="52"/>
        <line num="393" type="stmt" count="55"/>
        <line num="403" type="method" name="addValueType" visibility="public" complexity="1" crap="1" count="3"/>
        <line num="405" type="stmt" count="3"/>
        <line num="418" type="method" name="contains" visibility="public" complexity="1" crap="1" count="54"/>
        <line num="420" type="stmt" count="54"/>
        <line num="429" type="method" name="containsAll" visibility="public" complexity="1" crap="1" count="8"/>
        <line num="431" type="stmt" count="8"/>
        <line num="440" type="method" name="containsAny" visibility="public" complexity="1" crap="1" count="11"/>
        <line num="442" type="stmt" count="11"/>
        <line num="451" type="method" name="containsOnly" visibility="public" complexity="2" crap="2" count="1"/>
        <line num="453" type="stmt" count="1"/>
        <line num="461" type="method" name="empty" visibility="public" complexity="1" crap="1" count="39"/>
        <line num="463" type="stmt" count="39"/>
        <line num="471" type="method" name="anyOk" visibility="public" complexity="2" crap="2" count="36"/>
        <line num="473" type="stmt" count="36"/>
        <line num="481" type="method" name="nullOk" visibility="public" complexity="2" crap="2" count="18"/>
        <line num="483" type="stmt" count="18"/>
        <line num="495" type="method" name="count" visibility="public" complexity="1" crap="1" count="13"/>
        <line num="497" type="stmt" count="13"/>
        <line num="509" type="method" name="__toString" visibility="public" complexity="1" crap="1" count="1"/>
        <line num="511" type="stmt" count="1"/>
        <line num="523" type="method" name="getIterator" visibility="public" complexity="1" crap="1" count="1"/>
        <line num="525" type="stmt" count="1"/>
        <metrics loc="530" ncloc="256" classes="1" methods="23" coveredmethods="23" conditionals="0" coveredconditionals="0" statements="83" coveredstatements="83" elements="106" coveredelements="106"/>
      </file>
    </package>
    <metrics files="7" loc="3242" ncloc="1535" classes="6" methods="122" coveredmethods="122" conditionals="0" coveredconditionals="0" statements="481" coveredstatements="481" elements="603" coveredelements="603"/>
  </project>
</coverage>
